/*C5*/SET SCHEMA PUBLIC
INSERT INTO SOLDITEM VALUES(21,0,NULL,'Coca-Cola',1,2.00000000000000000000000000000000)
COMMIT
DISCONNECT
/*C4*/SET SCHEMA PUBLIC
DISCONNECT
/*C7*/SET SCHEMA PUBLIC
INSERT INTO SOLDITEM VALUES(22,0,NULL,'Coca-Cola',1,2.00000000000000000000000000000000)
COMMIT
/*C8*/SET SCHEMA PUBLIC
INSERT INTO SOLDITEM VALUES(23,2,NULL,'Fanta',1,2.00000000000000000000000000000000)
COMMIT
/*C9*/SET SCHEMA PUBLIC
INSERT INTO SOLDITEM VALUES(24,3,NULL,'Limonaad',1,1.50000000000000000000000000000000)
COMMIT
/*C10*/SET SCHEMA PUBLIC
INSERT INTO SOLDITEM VALUES(25,4,NULL,'Kali',1,1.50000000000000000000000000000000)
COMMIT
/*C6*/SET SCHEMA PUBLIC
DISCONNECT
/*C10*/DISCONNECT
/*C9*/DISCONNECT
/*C8*/DISCONNECT
/*C7*/DISCONNECT
/*C12*/SET SCHEMA PUBLIC
INSERT INTO SOLDITEM VALUES(26,2,NULL,'Fanta',1,2.00000000000000000000000000000000)
COMMIT
/*C11*/SET SCHEMA PUBLIC
DISCONNECT
/*C12*/DISCONNECT
/*C13*/SET SCHEMA PUBLIC
DISCONNECT
/*C14*/SET SCHEMA PUBLIC
DISCONNECT
